<?xml version="1.0" encoding="UTF-8"?>
<!-- Generated by org.testng.reporters.JUnitReportReporter -->
<testsuite hostname="Gangulas-MacBook.local" failures="0" tests="1" name="rahulshettyacademy.vamsi_appium.MobileBrowserTest" time="2.035" errors="0" timestamp="2024-07-27T15:05:10 IST" skipped="0">
  <testcase classname="rahulshettyacademy.vamsi_appium.MobileBrowserTest" name="browserTest" time="2.035"/>
</testsuite> <!-- rahulshettyacademy.vamsi_appium.MobileBrowserTest -->
