<?xml version="1.0" encoding="UTF-8"?>
<!-- Generated by org.testng.reporters.JUnitReportReporter -->
<testsuite hostname="Gangulas-MacBook.local" failures="0" tests="1" name="rahulshettyacademy.vamsi_appium.MisceallanousAppiumActions" time="9.057" errors="0" timestamp="2024-07-27T08:10:24 IST" skipped="0">
  <testcase classname="rahulshettyacademy.vamsi_appium.MisceallanousAppiumActions" name="Miscellanous" time="9.057"/>
</testsuite> <!-- rahulshettyacademy.vamsi_appium.MisceallanousAppiumActions -->
