<?xml version="1.0" encoding="UTF-8"?>
<!-- Generated by org.testng.reporters.JUnitReportReporter -->
<testsuite hostname="Gangulas-MacBook.local" failures="0" tests="1" name="androidapp.vamsi_appium.SwipeDemo" time="6.014" errors="0" timestamp="2024-08-03T07:27:13 IST" skipped="0">
  <testcase classname="androidapp.vamsi_appium.SwipeDemo" name="SwipeDemoTest" time="6.014"/>
</testsuite> <!-- androidapp.vamsi_appium.SwipeDemo -->
