<?xml version="1.0" encoding="UTF-8"?>
<!-- Generated by org.testng.reporters.JUnitReportReporter -->
<testsuite hostname="Gangulas-MacBook.local" failures="0" tests="1" name="androidapp.vamsi_appium.eCommerce_tc_3" time="17.716" errors="0" timestamp="2024-08-03T09:50:13 IST" skipped="0">
  <testcase classname="androidapp.vamsi_appium.eCommerce_tc_3" name="FillForm" time="17.716"/>
</testsuite> <!-- androidapp.vamsi_appium.eCommerce_tc_3 -->
