<?xml version="1.0" encoding="UTF-8"?>
<!-- Generated by org.testng.reporters.JUnitReportReporter -->
<testsuite hostname="Gangulas-MacBook.local" failures="0" tests="1" name="iosapp.vamsi_appium.IOSBasics" time="5.778" errors="0" timestamp="2024-08-03T10:18:31 IST" skipped="0">
  <testcase classname="iosapp.vamsi_appium.IOSBasics" name="IOSBasicsTest" time="5.778"/>
</testsuite> <!-- iosapp.vamsi_appium.IOSBasics -->
