<?xml version="1.0" encoding="UTF-8"?>
<!-- Generated by org.testng.reporters.JUnitReportReporter -->
<testsuite hostname="Gangulas-MacBook.local" failures="0" tests="1" name="rahulshettyacademy.vamsi_appium.DragDropDemo" time="7.858" errors="0" timestamp="2024-07-26T18:32:18 IST" skipped="0">
  <testcase classname="rahulshettyacademy.vamsi_appium.DragDropDemo" name="DragDropTest" time="7.858"/>
</testsuite> <!-- rahulshettyacademy.vamsi_appium.DragDropDemo -->
