<?xml version="1.0" encoding="UTF-8"?>
<!-- Generated by org.testng.reporters.JUnitReportReporter -->
<testsuite hostname="Gangulas-MacBook-Air.local" failures="0" tests="1" name="rahulshettyacademy.vamsi_appium.ScrollDemo" time="6.542" errors="0" timestamp="2024-07-26T15:29:17 IST" skipped="0">
  <testcase classname="rahulshettyacademy.vamsi_appium.ScrollDemo" name="ScrollDemoTest" time="6.542"/>
</testsuite> <!-- rahulshettyacademy.vamsi_appium.ScrollDemo -->
