<?xml version="1.0" encoding="UTF-8"?>
<!-- Generated by org.testng.reporters.JUnitReportReporter -->
<testsuite hostname="Gangulas-MacBook.local" failures="0" tests="1" name="androidapp.vamsi_appium.LongPress" time="7.491" errors="0" timestamp="2024-08-03T07:09:27 IST" skipped="0">
  <testcase classname="androidapp.vamsi_appium.LongPress" name="LongPressGesture" time="7.491"/>
</testsuite> <!-- androidapp.vamsi_appium.LongPress -->
