<?xml version="1.0" encoding="UTF-8"?>
<!-- Generated by org.testng.reporters.JUnitReportReporter -->
<testsuite hostname="Gangulas-MacBook.local" failures="0" tests="1" name="rahulshettyacademy.vamsi_appium.LongPress" time="7.517" errors="0" timestamp="2024-07-27T16:47:15 IST" skipped="0">
  <testcase classname="rahulshettyacademy.vamsi_appium.LongPress" name="LongPressGesture" time="7.517"/>
</testsuite> <!-- rahulshettyacademy.vamsi_appium.LongPress -->
