<?xml version="1.0" encoding="UTF-8"?>
<!-- Generated by org.testng.reporters.JUnitReportReporter -->
<testsuite hostname="Gangulas-MacBook.local" failures="0" tests="1" name="iosapp.vamsi_appium.IOSSlider" time="1.860" errors="0" timestamp="2024-08-03T11:37:01 IST" skipped="0">
  <testcase classname="iosapp.vamsi_appium.IOSSlider" name="IOSSliderTest" time="1.860"/>
</testsuite> <!-- iosapp.vamsi_appium.IOSSlider -->
