<?xml version="1.0" encoding="UTF-8"?>
<!-- Generated by org.testng.reporters.JUnitReportReporter -->
<testsuite hostname="Gangulas-MacBook.local" failures="0" tests="1" name="iosapp.vamsi_appium.IOSSwipeTest" time="9.817" errors="0" timestamp="2024-08-03T11:30:48 IST" skipped="0">
  <testcase classname="iosapp.vamsi_appium.IOSSwipeTest" name="IOSSwipeTestDemo" time="9.817"/>
</testsuite> <!-- iosapp.vamsi_appium.IOSSwipeTest -->
