<?xml version="1.0" encoding="UTF-8"?>
<!-- Generated by org.testng.reporters.JUnitReportReporter -->
<testsuite hostname="Gangulas-MacBook.local" failures="0" tests="1" name="rahulshettyacademy.vamsi_appium.SwipeDemo" time="6.046" errors="0" timestamp="2024-07-27T16:59:10 IST" skipped="0">
  <testcase classname="rahulshettyacademy.vamsi_appium.SwipeDemo" name="SwipeDemoTest" time="6.046"/>
</testsuite> <!-- rahulshettyacademy.vamsi_appium.SwipeDemo -->
