<?xml version="1.0" encoding="UTF-8"?>
<!-- Generated by org.testng.reporters.JUnitReportReporter -->
<testsuite hostname="Gangulas-MacBook.local" failures="0" tests="1" name="androidapp.vamsi_appium.eCommerce_tc_4_Hybrid" time="23.224" errors="0" timestamp="2024-08-03T15:12:38 IST" skipped="0">
  <testcase classname="androidapp.vamsi_appium.eCommerce_tc_4_Hybrid" name="FillForm" time="23.224"/>
</testsuite> <!-- androidapp.vamsi_appium.eCommerce_tc_4_Hybrid -->
