<?xml version="1.0" encoding="UTF-8"?>
<!-- Generated by org.testng.reporters.JUnitReportReporter -->
<testsuite hostname="Gangulas-MacBook.local" failures="0" tests="1" name="rahulshettyacademy.vamsi_appium.IOSBasics" time="6.837" errors="0" timestamp="2024-07-28T09:47:48 IST" skipped="0">
  <testcase classname="rahulshettyacademy.vamsi_appium.IOSBasics" name="IOSBasicsTest" time="6.837"/>
</testsuite> <!-- rahulshettyacademy.vamsi_appium.IOSBasics -->
