<?xml version="1.0" encoding="UTF-8"?>
<!-- Generated by org.testng.reporters.JUnitReportReporter -->
<testsuite hostname="Gangulas-MacBook.local" failures="0" tests="1" name="iosapp.vamsi_appium.IOSScrollTest" time="6.519" errors="0" timestamp="2024-08-03T10:58:02 IST" skipped="0">
  <testcase classname="iosapp.vamsi_appium.IOSScrollTest" name="IOSScrollTestDemo" time="6.519"/>
</testsuite> <!-- iosapp.vamsi_appium.IOSScrollTest -->
