<?xml version="1.0" encoding="UTF-8"?>
<!-- Generated by org.testng.reporters.JUnitReportReporter -->
<testsuite hostname="Gangulas-MacBook.local" failures="0" tests="1" name="iosapp.vamsi_appium.IOSLongPress" time="6.612" errors="0" timestamp="2024-08-03T12:29:23 IST" skipped="0">
  <testcase classname="iosapp.vamsi_appium.IOSLongPress" name="IOSLongPressTest" time="6.612"/>
</testsuite> <!-- iosapp.vamsi_appium.IOSLongPress -->
