<?xml version="1.0" encoding="UTF-8"?>
<!-- Generated by org.testng.reporters.JUnitReportReporter -->
<testsuite hostname="Gangulas-MacBook.local" failures="0" tests="1" name="androidapp.vamsi_appium.MobileBrowserTest" time="2.322" errors="0" timestamp="2024-08-03T06:59:34 IST" skipped="0">
  <testcase classname="androidapp.vamsi_appium.MobileBrowserTest" name="browserTest" time="2.322"/>
</testsuite> <!-- androidapp.vamsi_appium.MobileBrowserTest -->
