<?xml version="1.0" encoding="UTF-8"?>
<!-- Generated by org.testng.reporters.JUnitReportReporter -->
<testsuite hostname="Gangulas-MacBook.local" failures="0" tests="1" name="androidapp.vamsi_appium.ScrollDemo" time="8.020" errors="0" timestamp="2024-08-03T13:43:04 IST" skipped="0">
  <testcase classname="androidapp.vamsi_appium.ScrollDemo" name="ScrollDemoTest" time="8.020"/>
</testsuite> <!-- androidapp.vamsi_appium.ScrollDemo -->
