<?xml version="1.0" encoding="UTF-8"?>
<!-- Generated by org.testng.reporters.JUnitReportReporter -->
<testsuite hostname="Gangulas-MacBook.local" failures="0" tests="1" name="androidapp.vamsi_appium.Appiumbasics" time="6.938" errors="0" timestamp="2024-07-28T17:48:57 IST" skipped="0">
  <testcase classname="androidapp.vamsi_appium.Appiumbasics" name="WifiSettingsName" time="6.938"/>
</testsuite> <!-- androidapp.vamsi_appium.Appiumbasics -->
