<?xml version="1.0" encoding="UTF-8"?>
<!-- Generated by org.testng.reporters.JUnitReportReporter -->
<testsuite hostname="Gangulas-MacBook.local" failures="0" tests="1" name="rahulshettyacademy.vamsi_appium.eCommerce_tc_2" time="7.206" errors="0" timestamp="2024-07-27T20:53:13 IST" skipped="0">
  <testcase classname="rahulshettyacademy.vamsi_appium.eCommerce_tc_2" name="FillForm" time="7.206"/>
</testsuite> <!-- rahulshettyacademy.vamsi_appium.eCommerce_tc_2 -->
